{"D:\\Projects\\TDD\\react-tdd-udemy\\src\\functions\\fizzbuzz.js": {"path":"D:\\Projects\\TDD\\react-tdd-udemy\\src\\functions\\fizzbuzz.js","all":false,"statementMap":{"0":{"start":{"line":1,"column":0},"end":{"line":1,"column":28}},"1":{"start":{"line":2,"column":0},"end":{"line":2,"column":57}},"2":{"start":{"line":3,"column":0},"end":{"line":3,"column":47}},"3":{"start":{"line":4,"column":0},"end":{"line":4,"column":42}},"4":{"start":{"line":5,"column":0},"end":{"line":5,"column":37}},"5":{"start":{"line":6,"column":0},"end":{"line":6,"column":37}},"6":{"start":{"line":7,"column":0},"end":{"line":7,"column":15}},"7":{"start":{"line":8,"column":0},"end":{"line":8,"column":1}},"8":{"start":{"line":9,"column":0},"end":{"line":9,"column":0}},"9":{"start":{"line":10,"column":0},"end":{"line":10,"column":23}}},"s":{"0":1,"1":11,"2":11,"3":11,"4":11,"5":11,"6":2,"7":2,"8":1,"9":1},"branchMap":{"0":{"type":"branch","line":2,"loc":{"start":{"line":2,"column":-2},"end":{"line":8,"column":1}},"locations":[{"start":{"line":2,"column":-2},"end":{"line":8,"column":1}}]},"1":{"type":"branch","line":2,"loc":{"start":{"line":2,"column":34},"end":{"line":2,"column":57}},"locations":[{"start":{"line":2,"column":34},"end":{"line":2,"column":57}}]},"2":{"type":"branch","line":3,"loc":{"start":{"line":3,"column":5},"end":{"line":3,"column":47}},"locations":[{"start":{"line":3,"column":5},"end":{"line":3,"column":47}}]},"3":{"type":"branch","line":4,"loc":{"start":{"line":4,"column":0},"end":{"line":4,"column":26}},"locations":[{"start":{"line":4,"column":0},"end":{"line":4,"column":26}}]},"4":{"type":"branch","line":4,"loc":{"start":{"line":4,"column":26},"end":{"line":4,"column":42}},"locations":[{"start":{"line":4,"column":26},"end":{"line":4,"column":42}}]},"5":{"type":"branch","line":5,"loc":{"start":{"line":5,"column":0},"end":{"line":5,"column":25}},"locations":[{"start":{"line":5,"column":0},"end":{"line":5,"column":25}}]},"6":{"type":"branch","line":5,"loc":{"start":{"line":5,"column":25},"end":{"line":5,"column":37}},"locations":[{"start":{"line":5,"column":25},"end":{"line":5,"column":37}}]},"7":{"type":"branch","line":6,"loc":{"start":{"line":6,"column":0},"end":{"line":6,"column":25}},"locations":[{"start":{"line":6,"column":0},"end":{"line":6,"column":25}}]},"8":{"type":"branch","line":6,"loc":{"start":{"line":6,"column":25},"end":{"line":6,"column":37}},"locations":[{"start":{"line":6,"column":25},"end":{"line":6,"column":37}}]},"9":{"type":"branch","line":7,"loc":{"start":{"line":7,"column":0},"end":{"line":8,"column":1}},"locations":[{"start":{"line":7,"column":0},"end":{"line":8,"column":1}}]}},"b":{"0":[11],"1":[9],"2":[3],"3":[8],"4":[1],"5":[7],"6":[4],"7":[3],"8":[1],"9":[2]},"fnMap":{"0":{"name":"fizzbuzz","decl":{"start":{"line":2,"column":-2},"end":{"line":8,"column":1}},"loc":{"start":{"line":2,"column":-2},"end":{"line":8,"column":1}},"line":2}},"f":{"0":11}}
}
